<?xml version="1.0" encoding="UTF-8"?>
<!-- Generated by org.testng.reporters.JUnitReportReporter -->
<testsuite hostname="PreetamHaste" failures="0" tests="1" name="testNgPractice.testClass2" time="0.009" errors="0" timestamp="2023-02-28T21:55:47 IST" skipped="0">
  <testcase classname="testNgPractice.testClass2" name="m2" time="0.009"/>
  <system-out/>
</testsuite> <!-- testNgPractice.testClass2 -->
