<?xml version="1.0" encoding="UTF-8"?>
<!-- Generated by org.testng.reporters.JUnitReportReporter -->
<testsuite hostname="PreetamHaste" failures="0" tests="1" name="testNgPractice.name" time="0.011" errors="0" timestamp="2023-03-03T21:25:21 IST" skipped="0">
  <testcase classname="testNgPractice.name" name="updatedName" time="0.011"/>
  <system-out/>
</testsuite> <!-- testNgPractice.name -->
